<?xml version="1.0" encoding="UTF-8"?>
<testsuite xmlns:xsi="http://www.w3.org/2001/XMLSchema-instance" xsi:noNamespaceSchemaLocation="https://maven.apache.org/surefire/maven-surefire-plugin/xsd/surefire-test-report-3.0.xsd" version="3.0" name="InjectedTest" time="16.151" tests="5" errors="0" skipped="0" failures="0">
  <properties>
    <property name="sun.desktop" value="windows"/>
    <property name="awt.toolkit" value="sun.awt.windows.WToolkit"/>
    <property name="hudson.udp" value="-1"/>
    <property name="java.specification.version" value="11"/>
    <property name="sun.cpu.isalist" value="amd64"/>
    <property name="sun.jnu.encoding" value="Cp1252"/>
    <property name="java.class.path" value="C:\Users\vsk90\OneDrive\Desktop\AccuKnox\poc\jenkins-plugin\knoxautopol-plugin\target\test-classes;C:\Users\vsk90\OneDrive\Desktop\AccuKnox\poc\jenkins-plugin\knoxautopol-plugin\target\classes;C:\Users\vsk90\.m2\repository\org\jenkins-ci\plugins\structs\1.19\structs-1.19.jar;C:\Users\vsk90\.m2\repository\org\jenkins-ci\symbol-annotation\1.19\symbol-annotation-1.19.jar;C:\Users\vsk90\.m2\repository\org\jenkins-ci\plugins\workflow\workflow-step-api\2.19\workflow-step-api-2.19.jar;C:\Users\vsk90\.m2\repository\org\jenkins-ci\plugins\workflow\workflow-cps\2.39\workflow-cps-2.39.jar;C:\Users\vsk90\.m2\repository\org\jenkins-ci\plugins\workflow\workflow-scm-step\2.4\workflow-scm-step-2.4.jar;C:\Users\vsk90\.m2\repository\org\jenkins-ci\plugins\script-security\1.39\script-security-1.39.jar;C:\Users\vsk90\.m2\repository\org\kohsuke\groovy-sandbox\1.16\groovy-sandbox-1.16.jar;C:\Users\vsk90\.m2\repository\org\jenkins-ci\plugins\scm-api\2.2.6\scm-api-2.2.6.jar;C:\Users\vsk90\.m2\repository\com\cloudbees\groovy-cps\1.18\groovy-cps-1.18.jar;C:\Users\vsk90\.m2\repository\org\jenkins-ci\ui\jquery-detached\1.2.1\jquery-detached-1.2.1.jar;C:\Users\vsk90\.m2\repository\org\jenkins-ci\ui\ace-editor\1.0.1\ace-editor-1.0.1.jar;C:\Users\vsk90\.m2\repository\com\cloudbees\diff4j\1.2\diff4j-1.2.jar;C:\Users\vsk90\.m2\repository\org\jenkins-ci\plugins\workflow\workflow-job\2.11.2\workflow-job-2.11.2.jar;C:\Users\vsk90\.m2\repository\org\jenkins-ci\plugins\workflow\workflow-basic-steps\2.6\workflow-basic-steps-2.6.jar;C:\Users\vsk90\.m2\repository\org\jenkins-ci\plugins\mailer\1.18\mailer-1.18.jar;C:\Users\vsk90\.m2\repository\org\jenkins-ci\plugins\display-url-api\0.2\display-url-api-0.2.jar;C:\Users\vsk90\.m2\repository\org\jenkins-ci\plugins\junit\1.3\junit-1.3.jar;C:\Users\vsk90\.m2\repository\org\jenkins-ci\plugins\workflow\workflow-durable-task-step\2.13\workflow-durable-task-step-2.13.jar;C:\Users\vsk90\.m2\repository\org\jenkins-ci\plugins\durable-task\1.14\durable-task-1.14.jar;C:\Users\vsk90\.m2\repository\org\jenkins-ci\plugins\workflow\workflow-api\2.30\workflow-api-2.30.jar;C:\Users\vsk90\.m2\repository\org\jenkins-ci\plugins\workflow\workflow-support\3.3\workflow-support-3.3.jar;C:\Users\vsk90\.m2\repository\org\jboss\marshalling\jboss-marshalling-river\2.0.6.Final\jboss-marshalling-river-2.0.6.Final.jar;C:\Users\vsk90\.m2\repository\org\jboss\marshalling\jboss-marshalling\2.0.6.Final\jboss-marshalling-2.0.6.Final.jar;C:\Users\vsk90\.m2\repository\com\github\spotbugs\spotbugs-annotations\3.1.12\spotbugs-annotations-3.1.12.jar;C:\Users\vsk90\.m2\repository\com\google\code\findbugs\jsr305\3.0.2\jsr305-3.0.2.jar;C:\Users\vsk90\.m2\repository\net\jcip\jcip-annotations\1.0\jcip-annotations-1.0.jar;C:\Users\vsk90\.m2\repository\org\codehaus\mojo\animal-sniffer-annotations\1.17\animal-sniffer-annotations-1.17.jar;C:\Users\vsk90\.m2\repository\javax\servlet\javax.servlet-api\3.1.0\javax.servlet-api-3.1.0.jar;C:\Users\vsk90\.m2\repository\org\jenkins-ci\main\jenkins-core\2.164.1\jenkins-core-2.164.1.jar;C:\Users\vsk90\.m2\repository\org\jenkins-ci\plugins\icon-shim\icon-set\1.0.5\icon-set-1.0.5.jar;C:\Users\vsk90\.m2\repository\org\jenkins-ci\main\remoting\3.29\remoting-3.29.jar;C:\Users\vsk90\.m2\repository\org\jenkins-ci\constant-pool-scanner\1.2\constant-pool-scanner-1.2.jar;C:\Users\vsk90\.m2\repository\org\jenkins-ci\main\cli\2.164.1\cli-2.164.1.jar;C:\Users\vsk90\.m2\repository\net\i2p\crypto\eddsa\0.3.0\eddsa-0.3.0.jar;C:\Users\vsk90\.m2\repository\org\jenkins-ci\version-number\1.6\version-number-1.6.jar;C:\Users\vsk90\.m2\repository\com\google\code\findbugs\annotations\3.0.0\annotations-3.0.0.jar;C:\Users\vsk90\.m2\repository\org\jenkins-ci\crypto-util\1.1\crypto-util-1.1.jar;C:\Users\vsk90\.m2\repository\org\jvnet\hudson\jtidy\4aug2000r7-dev-hudson-1\jtidy-4aug2000r7-dev-hudson-1.jar;C:\Users\vsk90\.m2\repository\com\google\inject\guice\4.0\guice-4.0.jar;C:\Users\vsk90\.m2\repository\javax\inject\javax.inject\1\javax.inject-1.jar;C:\Users\vsk90\.m2\repository\aopalliance\aopalliance\1.0\aopalliance-1.0.jar;C:\Users\vsk90\.m2\repository\org\jruby\ext\posix\jna-posix\1.0.3-jenkins-1\jna-posix-1.0.3-jenkins-1.jar;C:\Users\vsk90\.m2\repository\com\github\jnr\jnr-posix\3.0.45\jnr-posix-3.0.45.jar;C:\Users\vsk90\.m2\repository\com\github\jnr\jnr-ffi\2.1.8\jnr-ffi-2.1.8.jar;C:\Users\vsk90\.m2\repository\com\github\jnr\jffi\1.2.17\jffi-1.2.17.jar;C:\Users\vsk90\.m2\repository\com\github\jnr\jffi\1.2.16\jffi-1.2.16-native.jar;C:\Users\vsk90\.m2\repository\org\ow2\asm\asm\5.0.3\asm-5.0.3.jar;C:\Users\vsk90\.m2\repository\org\ow2\asm\asm-commons\5.0.3\asm-commons-5.0.3.jar;C:\Users\vsk90\.m2\repository\org\ow2\asm\asm-analysis\5.0.3\asm-analysis-5.0.3.jar;C:\Users\vsk90\.m2\repository\org\ow2\asm\asm-tree\5.0.3\asm-tree-5.0.3.jar;C:\Users\vsk90\.m2\repository\org\ow2\asm\asm-util\5.0.3\asm-util-5.0.3.jar;C:\Users\vsk90\.m2\repository\com\github\jnr\jnr-x86asm\1.0.2\jnr-x86asm-1.0.2.jar;C:\Users\vsk90\.m2\repository\com\github\jnr\jnr-constants\0.9.9\jnr-constants-0.9.9.jar;C:\Users\vsk90\.m2\repository\org\kohsuke\trilead-putty-extension\1.2\trilead-putty-extension-1.2.jar;C:\Users\vsk90\.m2\repository\org\jenkins-ci\trilead-ssh2\build-217-jenkins-14\trilead-ssh2-build-217-jenkins-14.jar;C:\Users\vsk90\.m2\repository\org\connectbot\jbcrypt\jbcrypt\1.0.0\jbcrypt-1.0.0.jar;C:\Users\vsk90\.m2\repository\org\kohsuke\stapler\stapler-groovy\1.256\stapler-groovy-1.256.jar;C:\Users\vsk90\.m2\repository\org\kohsuke\stapler\stapler-jelly\1.256\stapler-jelly-1.256.jar;C:\Users\vsk90\.m2\repository\org\jenkins-ci\commons-jelly\1.1-jenkins-20120928\commons-jelly-1.1-jenkins-20120928.jar;C:\Users\vsk90\.m2\repository\org\jenkins-ci\dom4j\dom4j\1.6.1-jenkins-4\dom4j-1.6.1-jenkins-4.jar;C:\Users\vsk90\.m2\repository\org\kohsuke\stapler\stapler-jrebel\1.256\stapler-jrebel-1.256.jar;C:\Users\vsk90\.m2\repository\org\kohsuke\stapler\stapler\1.256\stapler-1.256.jar;C:\Users\vsk90\.m2\repository\javax\annotation\javax.annotation-api\1.2\javax.annotation-api-1.2.jar;C:\Users\vsk90\.m2\repository\commons-discovery\commons-discovery\0.4\commons-discovery-0.4.jar;C:\Users\vsk90\.m2\repository\org\jvnet\tiger-types\2.2\tiger-types-2.2.jar;C:\Users\vsk90\.m2\repository\org\kohsuke\asm5\5.0.1\asm5-5.0.1.jar;C:\Users\vsk90\.m2\repository\org\kohsuke\windows-package-checker\1.2\windows-package-checker-1.2.jar;C:\Users\vsk90\.m2\repository\org\kohsuke\stapler\stapler-adjunct-zeroclipboard\1.3.5-1\stapler-adjunct-zeroclipboard-1.3.5-1.jar;C:\Users\vsk90\.m2\repository\org\kohsuke\stapler\stapler-adjunct-timeline\1.5\stapler-adjunct-timeline-1.5.jar;C:\Users\vsk90\.m2\repository\org\kohsuke\stapler\stapler-adjunct-codemirror\1.3\stapler-adjunct-codemirror-1.3.jar;C:\Users\vsk90\.m2\repository\io\jenkins\stapler\jenkins-stapler-support\1.0\jenkins-stapler-support-1.0.jar;C:\Users\vsk90\.m2\repository\com\infradna\tool\bridge-method-annotation\1.13\bridge-method-annotation-1.13.jar;C:\Users\vsk90\.m2\repository\org\kohsuke\stapler\json-lib\2.4-jenkins-2\json-lib-2.4-jenkins-2.jar;C:\Users\vsk90\.m2\repository\net\sf\ezmorph\ezmorph\1.0.6\ezmorph-1.0.6.jar;C:\Users\vsk90\.m2\repository\commons-httpclient\commons-httpclient\3.1-jenkins-1\commons-httpclient-3.1-jenkins-1.jar;C:\Users\vsk90\.m2\repository\args4j\args4j\2.0.31\args4j-2.0.31.jar;C:\Users\vsk90\.m2\repository\org\jenkins-ci\annotation-indexer\1.12\annotation-indexer-1.12.jar;C:\Users\vsk90\.m2\repository\org\jenkins-ci\bytecode-compatibility-transformer\2.0-beta-2\bytecode-compatibility-transformer-2.0-beta-2.jar;C:\Users\vsk90\.m2\repository\org\kohsuke\asm6\6.2\asm6-6.2.jar;C:\Users\vsk90\.m2\repository\org\jenkins-ci\task-reactor\1.5\task-reactor-1.5.jar;C:\Users\vsk90\.m2\repository\org\jvnet\localizer\localizer\1.24\localizer-1.24.jar;C:\Users\vsk90\.m2\repository\antlr\antlr\2.7.6\antlr-2.7.6.jar;C:\Users\vsk90\.m2\repository\org\jvnet\hudson\xstream\1.4.7-jenkins-1\xstream-1.4.7-jenkins-1.jar;C:\Users\vsk90\.m2\repository\xpp3\xpp3\1.1.4c\xpp3-1.1.4c.jar;C:\Users\vsk90\.m2\repository\net\sf\kxml\kxml2\2.3.0\kxml2-2.3.0.jar;C:\Users\vsk90\.m2\repository\jfree\jfreechart\1.0.9\jfreechart-1.0.9.jar;C:\Users\vsk90\.m2\repository\jfree\jcommon\1.0.12\jcommon-1.0.12.jar;C:\Users\vsk90\.m2\repository\org\apache\ant\ant\1.9.2\ant-1.9.2.jar;C:\Users\vsk90\.m2\repository\org\apache\ant\ant-launcher\1.9.2\ant-launcher-1.9.2.jar;C:\Users\vsk90\.m2\repository\commons-io\commons-io\2.6\commons-io-2.6.jar;C:\Users\vsk90\.m2\repository\commons-lang\commons-lang\2.6\commons-lang-2.6.jar;C:\Users\vsk90\.m2\repository\commons-digester\commons-digester\2.1\commons-digester-2.1.jar;C:\Users\vsk90\.m2\repository\commons-beanutils\commons-beanutils\1.8.3\commons-beanutils-1.8.3.jar;C:\Users\vsk90\.m2\repository\org\apache\commons\commons-compress\1.10\commons-compress-1.10.jar;C:\Users\vsk90\.m2\repository\javax\mail\mail\1.4.4\mail-1.4.4.jar;C:\Users\vsk90\.m2\repository\org\jvnet\hudson\activation\1.1.1-hudson-1\activation-1.1.1-hudson-1.jar;C:\Users\vsk90\.m2\repository\jaxen\jaxen\1.1-beta-11\jaxen-1.1-beta-11.jar;C:\Users\vsk90\.m2\repository\commons-jelly\commons-jelly-tags-fmt\1.0\commons-jelly-tags-fmt-1.0.jar;C:\Users\vsk90\.m2\repository\commons-jelly\commons-jelly-tags-xml\1.1\commons-jelly-tags-xml-1.1.jar;C:\Users\vsk90\.m2\repository\org\jvnet\hudson\commons-jelly-tags-define\1.0.1-hudson-20071021\commons-jelly-tags-define-1.0.1-hudson-20071021.jar;C:\Users\vsk90\.m2\repository\org\jenkins-ci\commons-jexl\1.1-jenkins-20111212\commons-jexl-1.1-jenkins-20111212.jar;C:\Users\vsk90\.m2\repository\org\acegisecurity\acegi-security\1.0.7\acegi-security-1.0.7.jar;C:\Users\vsk90\.m2\repository\org\springframework\spring-jdbc\1.2.9\spring-jdbc-1.2.9.jar;C:\Users\vsk90\.m2\repository\org\springframework\spring-dao\1.2.9\spring-dao-1.2.9.jar;C:\Users\vsk90\.m2\repository\oro\oro\2.0.8\oro-2.0.8.jar;C:\Users\vsk90\.m2\repository\log4j\log4j\1.2.17\log4j-1.2.17.jar;C:\Users\vsk90\.m2\repository\org\codehaus\groovy\groovy-all\2.4.12\groovy-all-2.4.12.jar;C:\Users\vsk90\.m2\repository\jline\jline\2.12\jline-2.12.jar;C:\Users\vsk90\.m2\repository\org\fusesource\jansi\jansi\1.11\jansi-1.11.jar;C:\Users\vsk90\.m2\repository\org\springframework\spring-webmvc\2.5.6.SEC03\spring-webmvc-2.5.6.SEC03.jar;C:\Users\vsk90\.m2\repository\org\springframework\spring-beans\2.5.6.SEC03\spring-beans-2.5.6.SEC03.jar;C:\Users\vsk90\.m2\repository\org\springframework\spring-context\2.5.6.SEC03\spring-context-2.5.6.SEC03.jar;C:\Users\vsk90\.m2\repository\org\springframework\spring-context-support\2.5.6.SEC03\spring-context-support-2.5.6.SEC03.jar;C:\Users\vsk90\.m2\repository\org\springframework\spring-web\2.5.6.SEC03\spring-web-2.5.6.SEC03.jar;C:\Users\vsk90\.m2\repository\org\springframework\spring-core\2.5.6.SEC03\spring-core-2.5.6.SEC03.jar;C:\Users\vsk90\.m2\repository\org\springframework\spring-aop\2.5.6.SEC03\spring-aop-2.5.6.SEC03.jar;C:\Users\vsk90\.m2\repository\javax\servlet\jsp\jstl\javax.servlet.jsp.jstl-api\1.2.1\javax.servlet.jsp.jstl-api-1.2.1.jar;C:\Users\vsk90\.m2\repository\com\sun\xml\txw2\txw2\20110809\txw2-20110809.jar;C:\Users\vsk90\.m2\repository\javax\xml\stream\stax-api\1.0-2\stax-api-1.0-2.jar;C:\Users\vsk90\.m2\repository\relaxngDatatype\relaxngDatatype\20020414\relaxngDatatype-20020414.jar;C:\Users\vsk90\.m2\repository\commons-collections\commons-collections\3.2.2\commons-collections-3.2.2.jar;C:\Users\vsk90\.m2\repository\org\jvnet\winp\winp\1.27\winp-1.27.jar;C:\Users\vsk90\.m2\repository\org\jenkins-ci\memory-monitor\1.9\memory-monitor-1.9.jar;C:\Users\vsk90\.m2\repository\org\codehaus\woodstox\wstx-asl\3.2.9\wstx-asl-3.2.9.jar;C:\Users\vsk90\.m2\repository\stax\stax-api\1.0.1\stax-api-1.0.1.jar;C:\Users\vsk90\.m2\repository\org\jenkins-ci\jmdns\3.4.0-jenkins-3\jmdns-3.4.0-jenkins-3.jar;C:\Users\vsk90\.m2\repository\net\java\dev\jna\jna\4.5.2\jna-4.5.2.jar;C:\Users\vsk90\.m2\repository\org\kohsuke\akuma\1.10\akuma-1.10.jar;C:\Users\vsk90\.m2\repository\org\kohsuke\libpam4j\1.11\libpam4j-1.11.jar;C:\Users\vsk90\.m2\repository\org\kohsuke\libzfs\0.8\libzfs-0.8.jar;C:\Users\vsk90\.m2\repository\com\sun\solaris\embedded_su4j\1.1\embedded_su4j-1.1.jar;C:\Users\vsk90\.m2\repository\net\java\sezpoz\sezpoz\1.13\sezpoz-1.13.jar;C:\Users\vsk90\.m2\repository\org\kohsuke\jinterop\j-interop\2.0.6-kohsuke-1\j-interop-2.0.6-kohsuke-1.jar;C:\Users\vsk90\.m2\repository\org\kohsuke\jinterop\j-interopdeps\2.0.6-kohsuke-1\j-interopdeps-2.0.6-kohsuke-1.jar;C:\Users\vsk90\.m2\repository\org\samba\jcifs\jcifs\1.2.19\jcifs-1.2.19.jar;C:\Users\vsk90\.m2\repository\org\jvnet\robust-http-client\robust-http-client\1.2\robust-http-client-1.2.jar;C:\Users\vsk90\.m2\repository\commons-codec\commons-codec\1.9\commons-codec-1.9.jar;C:\Users\vsk90\.m2\repository\commons-fileupload\commons-fileupload\1.3.1-jenkins-2\commons-fileupload-1.3.1-jenkins-2.jar;C:\Users\vsk90\.m2\repository\com\google\guava\guava\11.0.1\guava-11.0.1.jar;C:\Users\vsk90\.m2\repository\com\jcraft\jzlib\1.1.3-kohsuke-1\jzlib-1.1.3-kohsuke-1.jar;C:\Users\vsk90\.m2\repository\org\jenkins-ci\main\jenkins-war\2.164.1\jenkins-war-2.164.1.war;C:\Users\vsk90\.m2\repository\org\jenkins-ci\modules\instance-identity\2.2\instance-identity-2.2.jar;C:\Users\vsk90\.m2\repository\io\github\stephenc\crypto\self-signed-cert-generator\1.0.0\self-signed-cert-generator-1.0.0.jar;C:\Users\vsk90\.m2\repository\org\jenkins-ci\modules\ssh-cli-auth\1.4\ssh-cli-auth-1.4.jar;C:\Users\vsk90\.m2\repository\org\jenkins-ci\modules\slave-installer\1.6\slave-installer-1.6.jar;C:\Users\vsk90\.m2\repository\org\jenkins-ci\modules\windows-slave-installer\1.10.0\windows-slave-installer-1.10.0.jar;C:\Users\vsk90\.m2\repository\org\jenkins-ci\modules\launchd-slave-installer\1.2\launchd-slave-installer-1.2.jar;C:\Users\vsk90\.m2\repository\org\jenkins-ci\modules\upstart-slave-installer\1.1\upstart-slave-installer-1.1.jar;C:\Users\vsk90\.m2\repository\org\jenkins-ci\modules\systemd-slave-installer\1.1\systemd-slave-installer-1.1.jar;C:\Users\vsk90\.m2\repository\org\jenkins-ci\modules\sshd\2.6\sshd-2.6.jar;C:\Users\vsk90\.m2\repository\org\apache\sshd\sshd-core\1.7.0\sshd-core-1.7.0.jar;C:\Users\vsk90\.m2\repository\org\jenkins-ci\ui\jquery-detached\1.2.1\jquery-detached-1.2.1-core-assets.jar;C:\Users\vsk90\.m2\repository\org\jenkins-ci\ui\bootstrap\1.3.2\bootstrap-1.3.2-core-assets.jar;C:\Users\vsk90\.m2\repository\org\jenkins-ci\ui\handlebars\1.1.1\handlebars-1.1.1-core-assets.jar;C:\Users\vsk90\.m2\repository\org\jenkins-ci\main\jenkins-test-harness\2.49\jenkins-test-harness-2.49.jar;C:\Users\vsk90\.m2\repository\org\eclipse\jetty\jetty-webapp\9.4.5.v20170502\jetty-webapp-9.4.5.v20170502.jar;C:\Users\vsk90\.m2\repository\org\eclipse\jetty\jetty-xml\9.4.5.v20170502\jetty-xml-9.4.5.v20170502.jar;C:\Users\vsk90\.m2\repository\org\eclipse\jetty\jetty-util\9.4.5.v20170502\jetty-util-9.4.5.v20170502.jar;C:\Users\vsk90\.m2\repository\org\eclipse\jetty\jetty-servlet\9.4.5.v20170502\jetty-servlet-9.4.5.v20170502.jar;C:\Users\vsk90\.m2\repository\org\eclipse\jetty\jetty-security\9.4.5.v20170502\jetty-security-9.4.5.v20170502.jar;C:\Users\vsk90\.m2\repository\org\eclipse\jetty\jetty-server\9.4.5.v20170502\jetty-server-9.4.5.v20170502.jar;C:\Users\vsk90\.m2\repository\org\eclipse\jetty\jetty-http\9.4.5.v20170502\jetty-http-9.4.5.v20170502.jar;C:\Users\vsk90\.m2\repository\org\eclipse\jetty\jetty-io\9.4.5.v20170502\jetty-io-9.4.5.v20170502.jar;C:\Users\vsk90\.m2\repository\org\hamcrest\hamcrest-library\1.3\hamcrest-library-1.3.jar;C:\Users\vsk90\.m2\repository\org\jenkins-ci\main\jenkins-test-harness-htmlunit\2.31-2\jenkins-test-harness-htmlunit-2.31-2.jar;C:\Users\vsk90\.m2\repository\xalan\serializer\2.7.2\serializer-2.7.2.jar;C:\Users\vsk90\.m2\repository\org\apache\commons\commons-lang3\3.7\commons-lang3-3.7.jar;C:\Users\vsk90\.m2\repository\org\apache\commons\commons-text\1.3\commons-text-1.3.jar;C:\Users\vsk90\.m2\repository\xml-apis\xml-apis\1.4.01\xml-apis-1.4.01.jar;C:\Users\vsk90\.m2\repository\commons-net\commons-net\3.6\commons-net-3.6.jar;C:\Users\vsk90\.m2\repository\org\eclipse\jetty\websocket\websocket-client\9.4.10.v20180503\websocket-client-9.4.10.v20180503.jar;C:\Users\vsk90\.m2\repository\org\eclipse\jetty\websocket\websocket-common\9.4.10.v20180503\websocket-common-9.4.10.v20180503.jar;C:\Users\vsk90\.m2\repository\org\eclipse\jetty\websocket\websocket-api\9.4.10.v20180503\websocket-api-9.4.10.v20180503.jar;C:\Users\vsk90\.m2\repository\org\jvnet\hudson\embedded-rhino-debugger\1.2\embedded-rhino-debugger-1.2.jar;C:\Users\vsk90\.m2\repository\org\netbeans\modules\org-netbeans-insane\RELEASE72\org-netbeans-insane-RELEASE72.jar;C:\Users\vsk90\.m2\repository\com\github\stephenc\findbugs\findbugs-annotations\1.3.9-1\findbugs-annotations-1.3.9-1.jar;C:\Users\vsk90\.m2\repository\org\jenkins-ci\test-annotations\1.3\test-annotations-1.3.jar;C:\Users\vsk90\.m2\repository\junit\junit\4.12\junit-4.12.jar;C:\Users\vsk90\.m2\repository\org\hamcrest\hamcrest-core\1.3\hamcrest-core-1.3.jar;C:\Users\vsk90\.m2\repository\org\slf4j\slf4j-api\1.7.25\slf4j-api-1.7.25.jar;C:\Users\vsk90\.m2\repository\org\slf4j\log4j-over-slf4j\1.7.25\log4j-over-slf4j-1.7.25.jar;C:\Users\vsk90\.m2\repository\org\slf4j\jcl-over-slf4j\1.7.25\jcl-over-slf4j-1.7.25.jar;C:\Users\vsk90\.m2\repository\org\slf4j\slf4j-jdk14\1.7.25\slf4j-jdk14-1.7.25.jar;C:\Users\vsk90\.m2\repository\org\kohsuke\access-modifier-annotation\1.16\access-modifier-annotation-1.16.jar;C:\Users\vsk90\.m2\repository\commons-logging\commons-logging\1.2\commons-logging-1.2.jar;"/>
    <property name="java.vm.vendor" value="Eclipse Adoptium"/>
    <property name="sun.arch.data.model" value="64"/>
    <property name="user.variant" value=""/>
    <property name="java.vendor.url" value="https://adoptium.net/"/>
    <property name="user.timezone" value="Asia/Calcutta"/>
    <property name="java.vm.specification.version" value="11"/>
    <property name="os.name" value="Windows 10"/>
    <property name="sun.java.launcher" value="SUN_STANDARD"/>
    <property name="user.country" value="IN"/>
    <property name="sun.boot.library.path" value="C:\Program Files\Eclipse Adoptium\jdk-11.0.15.10-hotspot\bin"/>
    <property name="sun.java.command" value="C:\Users\vsk90\AppData\Local\Temp\surefire6612506149883996652\surefirebooter16947297008749099709.jar C:\Users\vsk90\AppData\Local\Temp\surefire6612506149883996652 2022-05-05T00-51-49_603-jvmRun1 surefire9354289483455112866tmp surefire_04771978621094966547tmp"/>
    <property name="jdk.debug" value="release"/>
    <property name="surefire.test.class.path" value="C:\Users\vsk90\OneDrive\Desktop\AccuKnox\poc\jenkins-plugin\knoxautopol-plugin\target\test-classes;C:\Users\vsk90\OneDrive\Desktop\AccuKnox\poc\jenkins-plugin\knoxautopol-plugin\target\classes;C:\Users\vsk90\.m2\repository\org\jenkins-ci\plugins\structs\1.19\structs-1.19.jar;C:\Users\vsk90\.m2\repository\org\jenkins-ci\symbol-annotation\1.19\symbol-annotation-1.19.jar;C:\Users\vsk90\.m2\repository\org\jenkins-ci\plugins\workflow\workflow-step-api\2.19\workflow-step-api-2.19.jar;C:\Users\vsk90\.m2\repository\org\jenkins-ci\plugins\workflow\workflow-cps\2.39\workflow-cps-2.39.jar;C:\Users\vsk90\.m2\repository\org\jenkins-ci\plugins\workflow\workflow-scm-step\2.4\workflow-scm-step-2.4.jar;C:\Users\vsk90\.m2\repository\org\jenkins-ci\plugins\script-security\1.39\script-security-1.39.jar;C:\Users\vsk90\.m2\repository\org\kohsuke\groovy-sandbox\1.16\groovy-sandbox-1.16.jar;C:\Users\vsk90\.m2\repository\org\jenkins-ci\plugins\scm-api\2.2.6\scm-api-2.2.6.jar;C:\Users\vsk90\.m2\repository\com\cloudbees\groovy-cps\1.18\groovy-cps-1.18.jar;C:\Users\vsk90\.m2\repository\org\jenkins-ci\ui\jquery-detached\1.2.1\jquery-detached-1.2.1.jar;C:\Users\vsk90\.m2\repository\org\jenkins-ci\ui\ace-editor\1.0.1\ace-editor-1.0.1.jar;C:\Users\vsk90\.m2\repository\com\cloudbees\diff4j\1.2\diff4j-1.2.jar;C:\Users\vsk90\.m2\repository\org\jenkins-ci\plugins\workflow\workflow-job\2.11.2\workflow-job-2.11.2.jar;C:\Users\vsk90\.m2\repository\org\jenkins-ci\plugins\workflow\workflow-basic-steps\2.6\workflow-basic-steps-2.6.jar;C:\Users\vsk90\.m2\repository\org\jenkins-ci\plugins\mailer\1.18\mailer-1.18.jar;C:\Users\vsk90\.m2\repository\org\jenkins-ci\plugins\display-url-api\0.2\display-url-api-0.2.jar;C:\Users\vsk90\.m2\repository\org\jenkins-ci\plugins\junit\1.3\junit-1.3.jar;C:\Users\vsk90\.m2\repository\org\jenkins-ci\plugins\workflow\workflow-durable-task-step\2.13\workflow-durable-task-step-2.13.jar;C:\Users\vsk90\.m2\repository\org\jenkins-ci\plugins\durable-task\1.14\durable-task-1.14.jar;C:\Users\vsk90\.m2\repository\org\jenkins-ci\plugins\workflow\workflow-api\2.30\workflow-api-2.30.jar;C:\Users\vsk90\.m2\repository\org\jenkins-ci\plugins\workflow\workflow-support\3.3\workflow-support-3.3.jar;C:\Users\vsk90\.m2\repository\org\jboss\marshalling\jboss-marshalling-river\2.0.6.Final\jboss-marshalling-river-2.0.6.Final.jar;C:\Users\vsk90\.m2\repository\org\jboss\marshalling\jboss-marshalling\2.0.6.Final\jboss-marshalling-2.0.6.Final.jar;C:\Users\vsk90\.m2\repository\com\github\spotbugs\spotbugs-annotations\3.1.12\spotbugs-annotations-3.1.12.jar;C:\Users\vsk90\.m2\repository\com\google\code\findbugs\jsr305\3.0.2\jsr305-3.0.2.jar;C:\Users\vsk90\.m2\repository\net\jcip\jcip-annotations\1.0\jcip-annotations-1.0.jar;C:\Users\vsk90\.m2\repository\org\codehaus\mojo\animal-sniffer-annotations\1.17\animal-sniffer-annotations-1.17.jar;C:\Users\vsk90\.m2\repository\javax\servlet\javax.servlet-api\3.1.0\javax.servlet-api-3.1.0.jar;C:\Users\vsk90\.m2\repository\org\jenkins-ci\main\jenkins-core\2.164.1\jenkins-core-2.164.1.jar;C:\Users\vsk90\.m2\repository\org\jenkins-ci\plugins\icon-shim\icon-set\1.0.5\icon-set-1.0.5.jar;C:\Users\vsk90\.m2\repository\org\jenkins-ci\main\remoting\3.29\remoting-3.29.jar;C:\Users\vsk90\.m2\repository\org\jenkins-ci\constant-pool-scanner\1.2\constant-pool-scanner-1.2.jar;C:\Users\vsk90\.m2\repository\org\jenkins-ci\main\cli\2.164.1\cli-2.164.1.jar;C:\Users\vsk90\.m2\repository\net\i2p\crypto\eddsa\0.3.0\eddsa-0.3.0.jar;C:\Users\vsk90\.m2\repository\org\jenkins-ci\version-number\1.6\version-number-1.6.jar;C:\Users\vsk90\.m2\repository\com\google\code\findbugs\annotations\3.0.0\annotations-3.0.0.jar;C:\Users\vsk90\.m2\repository\org\jenkins-ci\crypto-util\1.1\crypto-util-1.1.jar;C:\Users\vsk90\.m2\repository\org\jvnet\hudson\jtidy\4aug2000r7-dev-hudson-1\jtidy-4aug2000r7-dev-hudson-1.jar;C:\Users\vsk90\.m2\repository\com\google\inject\guice\4.0\guice-4.0.jar;C:\Users\vsk90\.m2\repository\javax\inject\javax.inject\1\javax.inject-1.jar;C:\Users\vsk90\.m2\repository\aopalliance\aopalliance\1.0\aopalliance-1.0.jar;C:\Users\vsk90\.m2\repository\org\jruby\ext\posix\jna-posix\1.0.3-jenkins-1\jna-posix-1.0.3-jenkins-1.jar;C:\Users\vsk90\.m2\repository\com\github\jnr\jnr-posix\3.0.45\jnr-posix-3.0.45.jar;C:\Users\vsk90\.m2\repository\com\github\jnr\jnr-ffi\2.1.8\jnr-ffi-2.1.8.jar;C:\Users\vsk90\.m2\repository\com\github\jnr\jffi\1.2.17\jffi-1.2.17.jar;C:\Users\vsk90\.m2\repository\com\github\jnr\jffi\1.2.16\jffi-1.2.16-native.jar;C:\Users\vsk90\.m2\repository\org\ow2\asm\asm\5.0.3\asm-5.0.3.jar;C:\Users\vsk90\.m2\repository\org\ow2\asm\asm-commons\5.0.3\asm-commons-5.0.3.jar;C:\Users\vsk90\.m2\repository\org\ow2\asm\asm-analysis\5.0.3\asm-analysis-5.0.3.jar;C:\Users\vsk90\.m2\repository\org\ow2\asm\asm-tree\5.0.3\asm-tree-5.0.3.jar;C:\Users\vsk90\.m2\repository\org\ow2\asm\asm-util\5.0.3\asm-util-5.0.3.jar;C:\Users\vsk90\.m2\repository\com\github\jnr\jnr-x86asm\1.0.2\jnr-x86asm-1.0.2.jar;C:\Users\vsk90\.m2\repository\com\github\jnr\jnr-constants\0.9.9\jnr-constants-0.9.9.jar;C:\Users\vsk90\.m2\repository\org\kohsuke\trilead-putty-extension\1.2\trilead-putty-extension-1.2.jar;C:\Users\vsk90\.m2\repository\org\jenkins-ci\trilead-ssh2\build-217-jenkins-14\trilead-ssh2-build-217-jenkins-14.jar;C:\Users\vsk90\.m2\repository\org\connectbot\jbcrypt\jbcrypt\1.0.0\jbcrypt-1.0.0.jar;C:\Users\vsk90\.m2\repository\org\kohsuke\stapler\stapler-groovy\1.256\stapler-groovy-1.256.jar;C:\Users\vsk90\.m2\repository\org\kohsuke\stapler\stapler-jelly\1.256\stapler-jelly-1.256.jar;C:\Users\vsk90\.m2\repository\org\jenkins-ci\commons-jelly\1.1-jenkins-20120928\commons-jelly-1.1-jenkins-20120928.jar;C:\Users\vsk90\.m2\repository\org\jenkins-ci\dom4j\dom4j\1.6.1-jenkins-4\dom4j-1.6.1-jenkins-4.jar;C:\Users\vsk90\.m2\repository\org\kohsuke\stapler\stapler-jrebel\1.256\stapler-jrebel-1.256.jar;C:\Users\vsk90\.m2\repository\org\kohsuke\stapler\stapler\1.256\stapler-1.256.jar;C:\Users\vsk90\.m2\repository\javax\annotation\javax.annotation-api\1.2\javax.annotation-api-1.2.jar;C:\Users\vsk90\.m2\repository\commons-discovery\commons-discovery\0.4\commons-discovery-0.4.jar;C:\Users\vsk90\.m2\repository\org\jvnet\tiger-types\2.2\tiger-types-2.2.jar;C:\Users\vsk90\.m2\repository\org\kohsuke\asm5\5.0.1\asm5-5.0.1.jar;C:\Users\vsk90\.m2\repository\org\kohsuke\windows-package-checker\1.2\windows-package-checker-1.2.jar;C:\Users\vsk90\.m2\repository\org\kohsuke\stapler\stapler-adjunct-zeroclipboard\1.3.5-1\stapler-adjunct-zeroclipboard-1.3.5-1.jar;C:\Users\vsk90\.m2\repository\org\kohsuke\stapler\stapler-adjunct-timeline\1.5\stapler-adjunct-timeline-1.5.jar;C:\Users\vsk90\.m2\repository\org\kohsuke\stapler\stapler-adjunct-codemirror\1.3\stapler-adjunct-codemirror-1.3.jar;C:\Users\vsk90\.m2\repository\io\jenkins\stapler\jenkins-stapler-support\1.0\jenkins-stapler-support-1.0.jar;C:\Users\vsk90\.m2\repository\com\infradna\tool\bridge-method-annotation\1.13\bridge-method-annotation-1.13.jar;C:\Users\vsk90\.m2\repository\org\kohsuke\stapler\json-lib\2.4-jenkins-2\json-lib-2.4-jenkins-2.jar;C:\Users\vsk90\.m2\repository\net\sf\ezmorph\ezmorph\1.0.6\ezmorph-1.0.6.jar;C:\Users\vsk90\.m2\repository\commons-httpclient\commons-httpclient\3.1-jenkins-1\commons-httpclient-3.1-jenkins-1.jar;C:\Users\vsk90\.m2\repository\args4j\args4j\2.0.31\args4j-2.0.31.jar;C:\Users\vsk90\.m2\repository\org\jenkins-ci\annotation-indexer\1.12\annotation-indexer-1.12.jar;C:\Users\vsk90\.m2\repository\org\jenkins-ci\bytecode-compatibility-transformer\2.0-beta-2\bytecode-compatibility-transformer-2.0-beta-2.jar;C:\Users\vsk90\.m2\repository\org\kohsuke\asm6\6.2\asm6-6.2.jar;C:\Users\vsk90\.m2\repository\org\jenkins-ci\task-reactor\1.5\task-reactor-1.5.jar;C:\Users\vsk90\.m2\repository\org\jvnet\localizer\localizer\1.24\localizer-1.24.jar;C:\Users\vsk90\.m2\repository\antlr\antlr\2.7.6\antlr-2.7.6.jar;C:\Users\vsk90\.m2\repository\org\jvnet\hudson\xstream\1.4.7-jenkins-1\xstream-1.4.7-jenkins-1.jar;C:\Users\vsk90\.m2\repository\xpp3\xpp3\1.1.4c\xpp3-1.1.4c.jar;C:\Users\vsk90\.m2\repository\net\sf\kxml\kxml2\2.3.0\kxml2-2.3.0.jar;C:\Users\vsk90\.m2\repository\jfree\jfreechart\1.0.9\jfreechart-1.0.9.jar;C:\Users\vsk90\.m2\repository\jfree\jcommon\1.0.12\jcommon-1.0.12.jar;C:\Users\vsk90\.m2\repository\org\apache\ant\ant\1.9.2\ant-1.9.2.jar;C:\Users\vsk90\.m2\repository\org\apache\ant\ant-launcher\1.9.2\ant-launcher-1.9.2.jar;C:\Users\vsk90\.m2\repository\commons-io\commons-io\2.6\commons-io-2.6.jar;C:\Users\vsk90\.m2\repository\commons-lang\commons-lang\2.6\commons-lang-2.6.jar;C:\Users\vsk90\.m2\repository\commons-digester\commons-digester\2.1\commons-digester-2.1.jar;C:\Users\vsk90\.m2\repository\commons-beanutils\commons-beanutils\1.8.3\commons-beanutils-1.8.3.jar;C:\Users\vsk90\.m2\repository\org\apache\commons\commons-compress\1.10\commons-compress-1.10.jar;C:\Users\vsk90\.m2\repository\javax\mail\mail\1.4.4\mail-1.4.4.jar;C:\Users\vsk90\.m2\repository\org\jvnet\hudson\activation\1.1.1-hudson-1\activation-1.1.1-hudson-1.jar;C:\Users\vsk90\.m2\repository\jaxen\jaxen\1.1-beta-11\jaxen-1.1-beta-11.jar;C:\Users\vsk90\.m2\repository\commons-jelly\commons-jelly-tags-fmt\1.0\commons-jelly-tags-fmt-1.0.jar;C:\Users\vsk90\.m2\repository\commons-jelly\commons-jelly-tags-xml\1.1\commons-jelly-tags-xml-1.1.jar;C:\Users\vsk90\.m2\repository\org\jvnet\hudson\commons-jelly-tags-define\1.0.1-hudson-20071021\commons-jelly-tags-define-1.0.1-hudson-20071021.jar;C:\Users\vsk90\.m2\repository\org\jenkins-ci\commons-jexl\1.1-jenkins-20111212\commons-jexl-1.1-jenkins-20111212.jar;C:\Users\vsk90\.m2\repository\org\acegisecurity\acegi-security\1.0.7\acegi-security-1.0.7.jar;C:\Users\vsk90\.m2\repository\org\springframework\spring-jdbc\1.2.9\spring-jdbc-1.2.9.jar;C:\Users\vsk90\.m2\repository\org\springframework\spring-dao\1.2.9\spring-dao-1.2.9.jar;C:\Users\vsk90\.m2\repository\oro\oro\2.0.8\oro-2.0.8.jar;C:\Users\vsk90\.m2\repository\log4j\log4j\1.2.17\log4j-1.2.17.jar;C:\Users\vsk90\.m2\repository\org\codehaus\groovy\groovy-all\2.4.12\groovy-all-2.4.12.jar;C:\Users\vsk90\.m2\repository\jline\jline\2.12\jline-2.12.jar;C:\Users\vsk90\.m2\repository\org\fusesource\jansi\jansi\1.11\jansi-1.11.jar;C:\Users\vsk90\.m2\repository\org\springframework\spring-webmvc\2.5.6.SEC03\spring-webmvc-2.5.6.SEC03.jar;C:\Users\vsk90\.m2\repository\org\springframework\spring-beans\2.5.6.SEC03\spring-beans-2.5.6.SEC03.jar;C:\Users\vsk90\.m2\repository\org\springframework\spring-context\2.5.6.SEC03\spring-context-2.5.6.SEC03.jar;C:\Users\vsk90\.m2\repository\org\springframework\spring-context-support\2.5.6.SEC03\spring-context-support-2.5.6.SEC03.jar;C:\Users\vsk90\.m2\repository\org\springframework\spring-web\2.5.6.SEC03\spring-web-2.5.6.SEC03.jar;C:\Users\vsk90\.m2\repository\org\springframework\spring-core\2.5.6.SEC03\spring-core-2.5.6.SEC03.jar;C:\Users\vsk90\.m2\repository\org\springframework\spring-aop\2.5.6.SEC03\spring-aop-2.5.6.SEC03.jar;C:\Users\vsk90\.m2\repository\javax\servlet\jsp\jstl\javax.servlet.jsp.jstl-api\1.2.1\javax.servlet.jsp.jstl-api-1.2.1.jar;C:\Users\vsk90\.m2\repository\com\sun\xml\txw2\txw2\20110809\txw2-20110809.jar;C:\Users\vsk90\.m2\repository\javax\xml\stream\stax-api\1.0-2\stax-api-1.0-2.jar;C:\Users\vsk90\.m2\repository\relaxngDatatype\relaxngDatatype\20020414\relaxngDatatype-20020414.jar;C:\Users\vsk90\.m2\repository\commons-collections\commons-collections\3.2.2\commons-collections-3.2.2.jar;C:\Users\vsk90\.m2\repository\org\jvnet\winp\winp\1.27\winp-1.27.jar;C:\Users\vsk90\.m2\repository\org\jenkins-ci\memory-monitor\1.9\memory-monitor-1.9.jar;C:\Users\vsk90\.m2\repository\org\codehaus\woodstox\wstx-asl\3.2.9\wstx-asl-3.2.9.jar;C:\Users\vsk90\.m2\repository\stax\stax-api\1.0.1\stax-api-1.0.1.jar;C:\Users\vsk90\.m2\repository\org\jenkins-ci\jmdns\3.4.0-jenkins-3\jmdns-3.4.0-jenkins-3.jar;C:\Users\vsk90\.m2\repository\net\java\dev\jna\jna\4.5.2\jna-4.5.2.jar;C:\Users\vsk90\.m2\repository\org\kohsuke\akuma\1.10\akuma-1.10.jar;C:\Users\vsk90\.m2\repository\org\kohsuke\libpam4j\1.11\libpam4j-1.11.jar;C:\Users\vsk90\.m2\repository\org\kohsuke\libzfs\0.8\libzfs-0.8.jar;C:\Users\vsk90\.m2\repository\com\sun\solaris\embedded_su4j\1.1\embedded_su4j-1.1.jar;C:\Users\vsk90\.m2\repository\net\java\sezpoz\sezpoz\1.13\sezpoz-1.13.jar;C:\Users\vsk90\.m2\repository\org\kohsuke\jinterop\j-interop\2.0.6-kohsuke-1\j-interop-2.0.6-kohsuke-1.jar;C:\Users\vsk90\.m2\repository\org\kohsuke\jinterop\j-interopdeps\2.0.6-kohsuke-1\j-interopdeps-2.0.6-kohsuke-1.jar;C:\Users\vsk90\.m2\repository\org\samba\jcifs\jcifs\1.2.19\jcifs-1.2.19.jar;C:\Users\vsk90\.m2\repository\org\jvnet\robust-http-client\robust-http-client\1.2\robust-http-client-1.2.jar;C:\Users\vsk90\.m2\repository\commons-codec\commons-codec\1.9\commons-codec-1.9.jar;C:\Users\vsk90\.m2\repository\commons-fileupload\commons-fileupload\1.3.1-jenkins-2\commons-fileupload-1.3.1-jenkins-2.jar;C:\Users\vsk90\.m2\repository\com\google\guava\guava\11.0.1\guava-11.0.1.jar;C:\Users\vsk90\.m2\repository\com\jcraft\jzlib\1.1.3-kohsuke-1\jzlib-1.1.3-kohsuke-1.jar;C:\Users\vsk90\.m2\repository\org\jenkins-ci\main\jenkins-war\2.164.1\jenkins-war-2.164.1.war;C:\Users\vsk90\.m2\repository\org\jenkins-ci\modules\instance-identity\2.2\instance-identity-2.2.jar;C:\Users\vsk90\.m2\repository\io\github\stephenc\crypto\self-signed-cert-generator\1.0.0\self-signed-cert-generator-1.0.0.jar;C:\Users\vsk90\.m2\repository\org\jenkins-ci\modules\ssh-cli-auth\1.4\ssh-cli-auth-1.4.jar;C:\Users\vsk90\.m2\repository\org\jenkins-ci\modules\slave-installer\1.6\slave-installer-1.6.jar;C:\Users\vsk90\.m2\repository\org\jenkins-ci\modules\windows-slave-installer\1.10.0\windows-slave-installer-1.10.0.jar;C:\Users\vsk90\.m2\repository\org\jenkins-ci\modules\launchd-slave-installer\1.2\launchd-slave-installer-1.2.jar;C:\Users\vsk90\.m2\repository\org\jenkins-ci\modules\upstart-slave-installer\1.1\upstart-slave-installer-1.1.jar;C:\Users\vsk90\.m2\repository\org\jenkins-ci\modules\systemd-slave-installer\1.1\systemd-slave-installer-1.1.jar;C:\Users\vsk90\.m2\repository\org\jenkins-ci\modules\sshd\2.6\sshd-2.6.jar;C:\Users\vsk90\.m2\repository\org\apache\sshd\sshd-core\1.7.0\sshd-core-1.7.0.jar;C:\Users\vsk90\.m2\repository\org\jenkins-ci\ui\jquery-detached\1.2.1\jquery-detached-1.2.1-core-assets.jar;C:\Users\vsk90\.m2\repository\org\jenkins-ci\ui\bootstrap\1.3.2\bootstrap-1.3.2-core-assets.jar;C:\Users\vsk90\.m2\repository\org\jenkins-ci\ui\handlebars\1.1.1\handlebars-1.1.1-core-assets.jar;C:\Users\vsk90\.m2\repository\org\jenkins-ci\main\jenkins-test-harness\2.49\jenkins-test-harness-2.49.jar;C:\Users\vsk90\.m2\repository\org\eclipse\jetty\jetty-webapp\9.4.5.v20170502\jetty-webapp-9.4.5.v20170502.jar;C:\Users\vsk90\.m2\repository\org\eclipse\jetty\jetty-xml\9.4.5.v20170502\jetty-xml-9.4.5.v20170502.jar;C:\Users\vsk90\.m2\repository\org\eclipse\jetty\jetty-util\9.4.5.v20170502\jetty-util-9.4.5.v20170502.jar;C:\Users\vsk90\.m2\repository\org\eclipse\jetty\jetty-servlet\9.4.5.v20170502\jetty-servlet-9.4.5.v20170502.jar;C:\Users\vsk90\.m2\repository\org\eclipse\jetty\jetty-security\9.4.5.v20170502\jetty-security-9.4.5.v20170502.jar;C:\Users\vsk90\.m2\repository\org\eclipse\jetty\jetty-server\9.4.5.v20170502\jetty-server-9.4.5.v20170502.jar;C:\Users\vsk90\.m2\repository\org\eclipse\jetty\jetty-http\9.4.5.v20170502\jetty-http-9.4.5.v20170502.jar;C:\Users\vsk90\.m2\repository\org\eclipse\jetty\jetty-io\9.4.5.v20170502\jetty-io-9.4.5.v20170502.jar;C:\Users\vsk90\.m2\repository\org\hamcrest\hamcrest-library\1.3\hamcrest-library-1.3.jar;C:\Users\vsk90\.m2\repository\org\jenkins-ci\main\jenkins-test-harness-htmlunit\2.31-2\jenkins-test-harness-htmlunit-2.31-2.jar;C:\Users\vsk90\.m2\repository\xalan\serializer\2.7.2\serializer-2.7.2.jar;C:\Users\vsk90\.m2\repository\org\apache\commons\commons-lang3\3.7\commons-lang3-3.7.jar;C:\Users\vsk90\.m2\repository\org\apache\commons\commons-text\1.3\commons-text-1.3.jar;C:\Users\vsk90\.m2\repository\xml-apis\xml-apis\1.4.01\xml-apis-1.4.01.jar;C:\Users\vsk90\.m2\repository\commons-net\commons-net\3.6\commons-net-3.6.jar;C:\Users\vsk90\.m2\repository\org\eclipse\jetty\websocket\websocket-client\9.4.10.v20180503\websocket-client-9.4.10.v20180503.jar;C:\Users\vsk90\.m2\repository\org\eclipse\jetty\websocket\websocket-common\9.4.10.v20180503\websocket-common-9.4.10.v20180503.jar;C:\Users\vsk90\.m2\repository\org\eclipse\jetty\websocket\websocket-api\9.4.10.v20180503\websocket-api-9.4.10.v20180503.jar;C:\Users\vsk90\.m2\repository\org\jvnet\hudson\embedded-rhino-debugger\1.2\embedded-rhino-debugger-1.2.jar;C:\Users\vsk90\.m2\repository\org\netbeans\modules\org-netbeans-insane\RELEASE72\org-netbeans-insane-RELEASE72.jar;C:\Users\vsk90\.m2\repository\com\github\stephenc\findbugs\findbugs-annotations\1.3.9-1\findbugs-annotations-1.3.9-1.jar;C:\Users\vsk90\.m2\repository\org\jenkins-ci\test-annotations\1.3\test-annotations-1.3.jar;C:\Users\vsk90\.m2\repository\junit\junit\4.12\junit-4.12.jar;C:\Users\vsk90\.m2\repository\org\hamcrest\hamcrest-core\1.3\hamcrest-core-1.3.jar;C:\Users\vsk90\.m2\repository\org\slf4j\slf4j-api\1.7.25\slf4j-api-1.7.25.jar;C:\Users\vsk90\.m2\repository\org\slf4j\log4j-over-slf4j\1.7.25\log4j-over-slf4j-1.7.25.jar;C:\Users\vsk90\.m2\repository\org\slf4j\jcl-over-slf4j\1.7.25\jcl-over-slf4j-1.7.25.jar;C:\Users\vsk90\.m2\repository\org\slf4j\slf4j-jdk14\1.7.25\slf4j-jdk14-1.7.25.jar;C:\Users\vsk90\.m2\repository\org\kohsuke\access-modifier-annotation\1.16\access-modifier-annotation-1.16.jar;C:\Users\vsk90\.m2\repository\commons-logging\commons-logging\1.2\commons-logging-1.2.jar;"/>
    <property name="sun.cpu.endian" value="little"/>
    <property name="user.home" value="C:\Users\vsk90"/>
    <property name="user.language" value="en"/>
    <property name="java.specification.vendor" value="Oracle Corporation"/>
    <property name="java.version.date" value="2022-04-19"/>
    <property name="java.home" value="C:\Program Files\Eclipse Adoptium\jdk-11.0.15.10-hotspot"/>
    <property name="file.separator" value="\"/>
    <property name="basedir" value="C:\Users\vsk90\OneDrive\Desktop\AccuKnox\poc\jenkins-plugin\knoxautopol-plugin"/>
    <property name="java.vm.compressedOopsMode" value="32-bit"/>
    <property name="line.separator" value="&#10;"/>
    <property name="java.specification.name" value="Java Platform API Specification"/>
    <property name="java.vm.specification.vendor" value="Oracle Corporation"/>
    <property name="java.awt.graphicsenv" value="sun.awt.Win32GraphicsEnvironment"/>
    <property name="java.awt.headless" value="true"/>
    <property name="surefire.real.class.path" value="C:\Users\vsk90\AppData\Local\Temp\surefire6612506149883996652\surefirebooter16947297008749099709.jar"/>
    <property name="user.script" value=""/>
    <property name="sun.management.compiler" value="HotSpot 64-Bit Tiered Compilers"/>
    <property name="java.runtime.version" value="11.0.15+10"/>
    <property name="user.name" value="vsk90"/>
    <property name="path.separator" value=";"/>
    <property name="os.version" value="10.0"/>
    <property name="java.runtime.name" value="OpenJDK Runtime Environment"/>
    <property name="file.encoding" value="Cp1252"/>
    <property name="java.vm.name" value="OpenJDK 64-Bit Server VM"/>
    <property name="java.vendor.version" value="Temurin-11.0.15+10"/>
    <property name="localRepository" value="C:\Users\vsk90\.m2\repository"/>
    <property name="java.vendor.url.bug" value="https://github.com/adoptium/adoptium-support/issues"/>
    <property name="java.io.tmpdir" value="C:\Users\vsk90\OneDrive\Desktop\AccuKnox\poc\jenkins-plugin\knoxautopol-plugin\target/tmp"/>
    <property name="java.version" value="11.0.15"/>
    <property name="user.dir" value="C:\Users\vsk90\OneDrive\Desktop\AccuKnox\poc\jenkins-plugin\knoxautopol-plugin"/>
    <property name="os.arch" value="amd64"/>
    <property name="java.vm.specification.name" value="Java Virtual Machine Specification"/>
    <property name="java.awt.printerjob" value="sun.awt.windows.WPrinterJob"/>
    <property name="sun.os.patch.level" value=""/>
    <property name="java.library.path" value="C:\Program Files\Eclipse Adoptium\jdk-11.0.15.10-hotspot\bin;C:\WINDOWS\Sun\Java\bin;C:\WINDOWS\system32;C:\WINDOWS;C:\Program Files\Eclipse Adoptium\jdk-11.0.15.10-hotspot\bin;C:\WINDOWS\system32;C:\WINDOWS;C:\WINDOWS\System32\Wbem;C:\WINDOWS\System32\WindowsPowerShell\v1.0\;C:\WINDOWS\System32\OpenSSH\;C:\Program Files\Docker\Docker\resources\bin;C:\ProgramData\DockerDesktop\version-bin;C:\Program Files\PuTTY\;C:\Program Files\Go\bin;C:\Program Files (x86)\Calibre2\;C:\Program Files\dotnet\;C:\Program Files\Cloudflare\Cloudflare WARP\;C:\Users\vsk90\AppData\Local\Programs\Python\Python310\Scripts\;C:\Users\vsk90\AppData\Local\Programs\Python\Python310\;C:\Users\vsk90\AppData\Local\Microsoft\WindowsApps;C:\Users\vsk90\AppData\Local\Programs\Microsoft VS Code\bin;C:\Users\vsk90\go\bin;C:\Users\vsk90\AppData\Local\Programs\MiKTeX\miktex\bin\x64\;C:\mvn\bin\;;."/>
    <property name="java.vm.info" value="mixed mode"/>
    <property name="java.vendor" value="Eclipse Adoptium"/>
    <property name="java.vm.version" value="11.0.15+10"/>
    <property name="sun.io.unicode.encoding" value="UnicodeLittle"/>
    <property name="java.class.version" value="55.0"/>
  </properties>
  <testcase name="index.jelly" classname="org.jvnet.hudson.test.JellyTestSuiteBuilder$JellyCheck" time="0.097"/>
  <testcase name="io\jenkins\plugins\AccuKnoxCLI\KnoxAutoPol\config.jelly" classname="org.jvnet.hudson.test.JellyTestSuiteBuilder$JellyCheck" time="0.44"/>
  <testcase name="testCliSanity" classname="org.jvnet.hudson.test.PluginAutomaticTestBuilder$OtherTests" time="0.019"/>
  <testcase name="testPluginActive" classname="org.jvnet.hudson.test.PluginAutomaticTestBuilder$OtherTests" time="0"/>
  <testcase name="org.jvnet.hudson.test.JellyTestSuiteBuilder$JellyTestSuite" classname="org.jvnet.hudson.test.junit.FailedTest" time="0"/>
</testsuite>